Arguments: 
  C:\Program Files\nodejs\node.exe C:\Users\Tiep\AppData\Roaming\npm\node_modules\yarn\bin\yarn.js install

PATH: 
  C:\Program Files (x86)\Common Files\Oracle\Java\javapath;C:\WINDOWS\system32;C:\WINDOWS;C:\WINDOWS\System32\Wbem;C:\WINDOWS\System32\WindowsPowerShell\v1.0\;C:\WINDOWS\System32\OpenSSH\;C:\Program Files\Microsoft SQL Server\130\Tools\Binn\;C:\Program Files\Git\cmd;C:\Program Files\Redis;C:\MinGW\bin;C:\Users\Tiep\AppData\Roaming\nvm;C:\Program Files\nodejs;%JAVA_HOME%\bin;C:\Program Files\dotnet\;C:\Program Files\Microsoft SQL Server\Client SDK\ODBC\170\Tools\Binn\;C:\Users\Tiep\AppData\Local\Programs\Python\Python310\Scripts\;C:\Users\Tiep\AppData\Local\Programs\Python\Python310\;C:\MinGW;C:\Users\Tiep\AppData\Local\Microsoft\WindowsApps;C:\Users\Tiep\AppData\Local\Programs\Microsoft VS Code\bin;C:\Users\Tiep\AppData\Roaming\npm;C:\Program Files\Redis;C:\MinGW\bin;C:\Users\Tiep\AppData\Roaming\nvm;C:\Program Files\nodejs;C:\Program Files (x86)\Java\jdk1.8.0_311\bin;C:\Users\Tiep\.dotnet\tools

Yarn version: 
  1.22.17

Node version: 
  14.18.1

Platform: 
  win32 x64

Trace: 
  SyntaxError: C:\Users\Tiep\Desktop\code\Citizen-server\package.json: Unexpected token { in JSON at position 425
      at JSON.parse (<anonymous>)
      at C:\Users\Tiep\AppData\Roaming\npm\node_modules\yarn\lib\cli.js:1625:59
      at Generator.next (<anonymous>)
      at step (C:\Users\Tiep\AppData\Roaming\npm\node_modules\yarn\lib\cli.js:310:30)
      at C:\Users\Tiep\AppData\Roaming\npm\node_modules\yarn\lib\cli.js:321:13

npm manifest: 
  {
      "name": "Citizen-server",
      "version": "1.0.0",
      "main": "index.js",
      "repository": "git@github.com:diemquynhtran/Citizen-server.git",
      "author": "NguyenThaiTiep <nguyenthaitiep206@gmail.com>",
      "license": "MIT",
      "scripts": {
        "start": "ts-node-dev  src/index.ts",
        "build": " tsc --build"
      },
      "dependencies": {},
      "devDependencies": {
        "@types/cors": "^2.8.12"
      }
    }
    {
      "name": "server",
      "version": "0.0.1",
      "description": "Awesome project developed with TypeORM.",
      "license": "MIT",
      "type": "commonjs",
      "devDependencies": {
        "@types/body-parser": "^1.19.1",
        "@types/express": "^4.17.13",
        "@types/node": "^8.0.29",
        "@types/cors": "^2.8.12",
        "@types/express": "^4.17.13",
        "@types/morgan": "^1.9.3",
        "nodemon": "^2.0.14",
        "ts-node": "^10.4.0",
        "typescript": "^4.4.4"
      },
      "dependencies": {
        "body-parser": "^1.19.0",
        "class-transformer": "^0.4.0",
        "cors": "^2.8.5",
        "dotenv": "^10.0.0",
        "express": "^4.17.1",
        "http": "^0.0.1-security",
        "mongodb": "^4.1.3",
        "morgan": "^1.10.0",
        "reflect-metadata": "^0.1.10",
        "ts-node-dev": "^1.1.8",
        "typeorm": "0.2.31"
      },
      "scripts": {
        "start": "ts-node-dev  src/index.ts",
        "build": " tsc --build"
      }
    }

yarn manifest: 
  No manifest

Lockfile: 
  # THIS IS AN AUTOGENERATED FILE. DO NOT EDIT THIS FILE DIRECTLY.
  # yarn lockfile v1
  
  
  "@types/cors@^2.8.12":
    version "2.8.12"
    resolved "https://registry.yarnpkg.com/@types/cors/-/cors-2.8.12.tgz#6b2c510a7ad7039e98e7b8d3d6598f4359e5c080"
    integrity sha512-vt+kDhq/M2ayberEtJcIN/hxXy1Pk+59g2FV/ZQceeaTyCtCucjL2Q7FXlFjtWn4n15KCr1NE2lNNFhp0lEThw==
